c:\users\toke8\source\repos\gomokugame\gomokugame\debug\gomokugame.pch
c:\users\toke8\source\repos\gomokugame\gomokugame\debug\vc141.pdb
c:\users\toke8\source\repos\gomokugame\gomokugame\debug\stdafx.obj
c:\users\toke8\source\repos\gomokugame\gomokugame\debug\stupidai.obj
c:\users\toke8\source\repos\gomokugame\gomokugame\debug\rule.obj
c:\users\toke8\source\repos\gomokugame\gomokugame\debug\gomokugame.obj
c:\users\toke8\source\repos\gomokugame\gomokugame\debug\gomokuform.obj
c:\users\toke8\source\repos\gomokugame\gomokugame\debug\ga.obj
c:\users\toke8\source\repos\gomokugame\gomokugame\debug\crossover.obj
c:\users\toke8\source\repos\gomokugame\gomokugame\debug\assemblyinfo.obj
c:\users\toke8\source\repos\gomokugame\gomokugame\debug\.netframework,version=v4.6.1.assemblyattributes.obj
c:\users\toke8\source\repos\gomokugame\gomokugame\debug\.netframework,version=v4.6.1.assemblyattributes.asm
c:\users\toke8\source\repos\gomokugame\gomokugame\debug\gomokugame.gomokuform.resources
c:\users\toke8\source\repos\gomokugame\debug\gomokugame.exe
c:\users\toke8\source\repos\gomokugame\debug\gomokugame.pdb
c:\users\toke8\source\repos\gomokugame\gomokugame\debug\app.res
c:\users\toke8\source\repos\gomokugame\gomokugame\debug\gomokugame.vcxproj.generateresource.cache
c:\users\toke8\source\repos\gomokugame\gomokugame\debug\gomokugame.vcxprojassemblyreference.cache
c:\users\toke8\source\repos\gomokugame\gomokugame\debug\gomokugame.tlog\cl.command.1.tlog
c:\users\toke8\source\repos\gomokugame\gomokugame\debug\gomokugame.tlog\cl.read.1.tlog
c:\users\toke8\source\repos\gomokugame\gomokugame\debug\gomokugame.tlog\cl.write.1.tlog
c:\users\toke8\source\repos\gomokugame\gomokugame\debug\gomokugame.tlog\gomokugame.write.1u.tlog
c:\users\toke8\source\repos\gomokugame\gomokugame\debug\gomokugame.tlog\link.command.1.tlog
c:\users\toke8\source\repos\gomokugame\gomokugame\debug\gomokugame.tlog\link.read.1.tlog
c:\users\toke8\source\repos\gomokugame\gomokugame\debug\gomokugame.tlog\link.write.1.tlog
c:\users\toke8\source\repos\gomokugame\gomokugame\debug\gomokugame.tlog\metagen.read.1.tlog
c:\users\toke8\source\repos\gomokugame\gomokugame\debug\gomokugame.tlog\metagen.write.1.tlog
c:\users\toke8\source\repos\gomokugame\gomokugame\debug\gomokugame.tlog\rc.command.1.tlog
c:\users\toke8\source\repos\gomokugame\gomokugame\debug\gomokugame.tlog\rc.read.1.tlog
c:\users\toke8\source\repos\gomokugame\gomokugame\debug\gomokugame.tlog\rc.write.1.tlog
