  stdafx.cpp
  AssemblyInfo.cpp
  GA.cpp
c:\users\cc\desktop\gomokugame\gomokugame\ga.cpp(6): warning C4244: 'argument': conversion from 'time_t' to 'unsigned int', possible loss of data
c:\users\cc\desktop\gomokugame\gomokugame\ga.cpp(75): warning C4018: '<': signed/unsigned mismatch
c:\users\cc\desktop\gomokugame\gomokugame\ga.cpp(125): warning C4018: '<': signed/unsigned mismatch
c:\users\cc\desktop\gomokugame\gomokugame\ga.cpp(71): warning C4101: 'chess': unreferenced local variable
c:\users\cc\desktop\gomokugame\gomokugame\ga.cpp(138): warning C4018: '<': signed/unsigned mismatch
c:\users\cc\desktop\gomokugame\gomokugame\ga.cpp(144): warning C4018: '<': signed/unsigned mismatch
c:\users\cc\desktop\gomokugame\gomokugame\ga.cpp(186): warning C4018: '<': signed/unsigned mismatch
c:\users\cc\desktop\gomokugame\gomokugame\ga.cpp(205): warning C4018: '<': signed/unsigned mismatch
c:\users\cc\desktop\gomokugame\gomokugame\ga.cpp(315): warning C4018: '<': signed/unsigned mismatch
c:\users\cc\desktop\gomokugame\gomokugame\ga.cpp(375): warning C4018: '<': signed/unsigned mismatch
c:\users\cc\desktop\gomokugame\gomokugame\ga.cpp(442): warning C4244: 'argument': conversion from 'time_t' to 'unsigned int', possible loss of data
c:\users\cc\desktop\gomokugame\gomokugame\ga.cpp(460): warning C4018: '<': signed/unsigned mismatch
c:\users\cc\desktop\gomokugame\gomokugame\ga.cpp(466): warning C4018: '>=': signed/unsigned mismatch
c:\users\cc\desktop\gomokugame\gomokugame\ga.cpp(477): warning C4018: '<': signed/unsigned mismatch
c:\users\cc\desktop\gomokugame\gomokugame\ga.cpp(483): warning C4018: '>=': signed/unsigned mismatch
c:\users\cc\desktop\gomokugame\gomokugame\ga.cpp(513): warning C4018: '<': signed/unsigned mismatch
c:\users\cc\desktop\gomokugame\gomokugame\ga.cpp(534): warning C4018: '<': signed/unsigned mismatch
c:\users\cc\desktop\gomokugame\gomokugame\ga.cpp(583): warning C4018: '<': signed/unsigned mismatch
  gomokuForm.cpp
c:\users\cc\desktop\gomokugame\gomokugame\gomokuform.h(384): warning C4244: 'argument': conversion from 'time_t' to 'unsigned int', possible loss of data
  gomokuGame.cpp
  rule.cpp
c:\users\cc\desktop\gomokugame\gomokugame\rule.cpp(10): warning C4101: 'bestCoordinate': unreferenced local variable
  geneticA.cpp
c:\users\cc\desktop\gomokugame\gomokugame\genetica.cpp(45): warning C4018: '<': signed/unsigned mismatch
c:\users\cc\desktop\gomokugame\gomokugame\genetica.cpp(92): warning C4018: '<': signed/unsigned mismatch
c:\users\cc\desktop\gomokugame\gomokugame\genetica.cpp(133): warning C4018: '<': signed/unsigned mismatch
c:\users\cc\desktop\gomokugame\gomokugame\genetica.cpp(143): warning C4018: '<': signed/unsigned mismatch
c:\users\cc\desktop\gomokugame\gomokugame\genetica.cpp(147): warning C4018: '<': signed/unsigned mismatch
c:\users\cc\desktop\gomokugame\gomokugame\genetica.cpp(164): warning C4018: '<': signed/unsigned mismatch
c:\users\cc\desktop\gomokugame\gomokugame\genetica.cpp(168): warning C4018: '<': signed/unsigned mismatch
c:\users\cc\desktop\gomokugame\gomokugame\genetica.cpp(252): warning C4018: '<': signed/unsigned mismatch
c:\users\cc\desktop\gomokugame\gomokugame\genetica.cpp(269): warning C4018: '<': signed/unsigned mismatch
c:\users\cc\desktop\gomokugame\gomokugame\genetica.cpp(394): warning C4018: '<': signed/unsigned mismatch
c:\users\cc\desktop\gomokugame\gomokugame\genetica.cpp(479): warning C4018: '<': signed/unsigned mismatch
c:\users\cc\desktop\gomokugame\gomokugame\genetica.cpp(514): warning C4018: '<': signed/unsigned mismatch
c:\users\cc\desktop\gomokugame\gomokugame\genetica.cpp(519): warning C4018: '<': signed/unsigned mismatch
c:\users\cc\desktop\gomokugame\gomokugame\genetica.cpp(691): warning C4018: '<': signed/unsigned mismatch
c:\users\cc\desktop\gomokugame\gomokugame\genetica.cpp(696): warning C4018: '<': signed/unsigned mismatch
c:\users\cc\desktop\gomokugame\gomokugame\genetica.cpp(747): warning C4018: '<': signed/unsigned mismatch
c:\users\cc\desktop\gomokugame\gomokugame\genetica.cpp(751): warning C4018: '<': signed/unsigned mismatch
c:\users\cc\desktop\gomokugame\gomokugame\genetica.cpp(784): warning C4018: '<': signed/unsigned mismatch
c:\users\cc\desktop\gomokugame\gomokugame\genetica.cpp(789): warning C4018: '<': signed/unsigned mismatch
c:\users\cc\desktop\gomokugame\gomokugame\genetica.cpp(807): warning C4018: '<': signed/unsigned mismatch
c:\users\cc\desktop\gomokugame\gomokugame\genetica.cpp(723): warning C4101: 'cpu_time_used': unreferenced local variable
  stupidAI.cpp
  Generating Code...
c:\users\cc\desktop\gomokugame\gomokugame\genetica.cpp(816): warning C4715: 'geneticA::get_action': not all control paths return a value
c:\users\cc\desktop\gomokugame\gomokugame\rule.cpp(470): warning C4715: 'rule::calculationPositionX': not all control paths return a value
c:\users\cc\desktop\gomokugame\gomokugame\rule.cpp(513): warning C4715: 'rule::calculationPositionY': not all control paths return a value
c:\users\cc\desktop\gomokugame\gomokugame\rule.cpp(427): warning C4715: 'rule::getWhoArrayValue': not all control paths return a value
c:\users\cc\desktop\gomokugame\gomokugame\ga.cpp(567): warning C4715: 'probability::probabilityResult': not all control paths return a value
  .NETFramework,Version=v4.6.1.AssemblyAttributes.cpp
  AssemblyInfo.obj : MSIL module encountered; incremental linking is disabled for MSIL; performing full link
  gomokuGame.vcxproj -> C:\Users\cc\Desktop\gomokuGame\Debug\gomokuGame.exe
